{"metadata":{"kernelspec":{"language":"python","display_name":"Python 3","name":"python3"},"language_info":{"name":"python","version":"3.10.12","mimetype":"text/x-python","codemirror_mode":{"name":"ipython","version":3},"pygments_lexer":"ipython3","nbconvert_exporter":"python","file_extension":".py"},"kaggle":{"accelerator":"nvidiaTeslaT4","dataSources":[{"sourceId":8343753,"sourceType":"datasetVersion","datasetId":4956094},{"sourceId":11060340,"sourceType":"datasetVersion","datasetId":6891279},{"sourceId":11060490,"sourceType":"datasetVersion","datasetId":6891391},{"sourceId":11071177,"sourceType":"datasetVersion","datasetId":6899194},{"sourceId":11071186,"sourceType":"datasetVersion","datasetId":6899199}],"dockerImageVersionId":30919,"isInternetEnabled":true,"language":"python","sourceType":"notebook","isGpuEnabled":true}},"nbformat_minor":4,"nbformat":4,"cells":[{"cell_type":"code","source":"! pip install torch","metadata":{"trusted":true,"execution":{"iopub.status.busy":"2025-06-08T09:51:42.992228Z","iopub.execute_input":"2025-06-08T09:51:42.992567Z","iopub.status.idle":"2025-06-08T09:51:46.318620Z","shell.execute_reply.started":"2025-06-08T09:51:42.992525Z","shell.execute_reply":"2025-06-08T09:51:46.317696Z"}},"outputs":[{"name":"stdout","text":"Requirement already satisfied: torch in /usr/local/lib/python3.10/dist-packages (2.5.1+cu121)\nRequirement already satisfied: filelock in /usr/local/lib/python3.10/dist-packages (from torch) (3.17.0)\nRequirement already satisfied: typing-extensions>=4.8.0 in /usr/local/lib/python3.10/dist-packages (from torch) (4.12.2)\nRequirement already satisfied: networkx in /usr/local/lib/python3.10/dist-packages (from torch) (3.4.2)\nRequirement already satisfied: jinja2 in /usr/local/lib/python3.10/dist-packages (from torch) (3.1.4)\nRequirement already satisfied: fsspec in /usr/local/lib/python3.10/dist-packages (from torch) (2024.12.0)\nRequirement already satisfied: sympy==1.13.1 in /usr/local/lib/python3.10/dist-packages (from torch) (1.13.1)\nRequirement already satisfied: mpmath<1.4,>=1.1.0 in /usr/local/lib/python3.10/dist-packages (from sympy==1.13.1->torch) (1.3.0)\nRequirement already satisfied: MarkupSafe>=2.0 in /usr/local/lib/python3.10/dist-packages (from jinja2->torch) (3.0.2)\n","output_type":"stream"}],"execution_count":2},{"cell_type":"markdown","source":"#### General library importation and variable initialization","metadata":{}},{"cell_type":"code","source":"import torch\nfrom torch.utils.data import DataLoader, Dataset\nimport numpy as np\nimport pandas as pd\nfrom transformers import T5Tokenizer, T5ForConditionalGeneration\nimport json\nimport random\nfrom sklearn.model_selection import train_test_split\nfrom sklearn.metrics import f1_score\nfrom itertools import zip_longest","metadata":{"trusted":true,"execution":{"iopub.status.busy":"2025-06-08T09:51:46.320157Z","iopub.execute_input":"2025-06-08T09:51:46.320546Z","iopub.status.idle":"2025-06-08T09:52:07.090488Z","shell.execute_reply.started":"2025-06-08T09:51:46.320506Z","shell.execute_reply":"2025-06-08T09:52:07.089814Z"}},"outputs":[],"execution_count":3},{"cell_type":"code","source":"EPOCH = 32\nBATCH_SIZE = 64\nMAX_INPUT_LENGTH = 65\nMAX_LABEL_LENGTH = 8\nMODEL_LINK = \"google/flan-t5-small\"\nSEED = 0","metadata":{"trusted":true,"execution":{"iopub.status.busy":"2025-06-08T09:52:07.091509Z","iopub.execute_input":"2025-06-08T09:52:07.092087Z","iopub.status.idle":"2025-06-08T09:52:07.095834Z","shell.execute_reply.started":"2025-06-08T09:52:07.092061Z","shell.execute_reply":"2025-06-08T09:52:07.094964Z"}},"outputs":[],"execution_count":4},{"cell_type":"code","source":"def set_seed():\n    random.seed(SEED)\n    np.random.seed(SEED)\n    torch.manual_seed(SEED)\n    torch.cuda.manual_seed(SEED)\n    torch.backends.cudnn.benchmark = False\n    torch.backends.cudnn.deterministic = True\nset_seed()\ntokenizer = T5Tokenizer.from_pretrained(MODEL_LINK, legacy=False)\nmodel = T5ForConditionalGeneration.from_pretrained(MODEL_LINK).to('cuda')","metadata":{"trusted":true,"execution":{"iopub.status.busy":"2025-06-08T09:52:07.096520Z","iopub.execute_input":"2025-06-08T09:52:07.096852Z","iopub.status.idle":"2025-06-08T09:52:11.085154Z","shell.execute_reply.started":"2025-06-08T09:52:07.096817Z","shell.execute_reply":"2025-06-08T09:52:11.084375Z"}},"outputs":[{"output_type":"display_data","data":{"text/plain":"tokenizer_config.json:   0%|          | 0.00/2.54k [00:00<?, ?B/s]","application/vnd.jupyter.widget-view+json":{"version_major":2,"version_minor":0,"model_id":"bb827a6afe2b4d358cdb43e232f920f2"}},"metadata":{}},{"output_type":"display_data","data":{"text/plain":"(â€¦)a5b18a05535c9e14c7a355904270e15b0945ea86:   0%|          | 0.00/792k [00:00<?, ?B/s]","application/vnd.jupyter.widget-view+json":{"version_major":2,"version_minor":0,"model_id":"cc08358c3fd94c75a7f9b8fb3094dc90"}},"metadata":{}},{"output_type":"display_data","data":{"text/plain":"special_tokens_map.json:   0%|          | 0.00/2.20k [00:00<?, ?B/s]","application/vnd.jupyter.widget-view+json":{"version_major":2,"version_minor":0,"model_id":"4f4cea91a5ae498dbee7fa08978f6167"}},"metadata":{}},{"output_type":"display_data","data":{"text/plain":"tokenizer.json:   0%|          | 0.00/2.42M [00:00<?, ?B/s]","application/vnd.jupyter.widget-view+json":{"version_major":2,"version_minor":0,"model_id":"761c9c575e9543ca85e777864e098a68"}},"metadata":{}},{"output_type":"display_data","data":{"text/plain":"config.json:   0%|          | 0.00/1.40k [00:00<?, ?B/s]","application/vnd.jupyter.widget-view+json":{"version_major":2,"version_minor":0,"model_id":"a8b14da47d364ba682da3b05e9193ce3"}},"metadata":{}},{"output_type":"display_data","data":{"text/plain":"model.safetensors:   0%|          | 0.00/308M [00:00<?, ?B/s]","application/vnd.jupyter.widget-view+json":{"version_major":2,"version_minor":0,"model_id":"ea4429776cb14235864c6c31e2caf0e0"}},"metadata":{}},{"output_type":"display_data","data":{"text/plain":"generation_config.json:   0%|          | 0.00/147 [00:00<?, ?B/s]","application/vnd.jupyter.widget-view+json":{"version_major":2,"version_minor":0,"model_id":"6d719591d6664a82bf9b35c806921a65"}},"metadata":{}}],"execution_count":5},{"cell_type":"markdown","source":"#### Reading data from datasets and Data cleaning tasks","metadata":{}},{"cell_type":"code","source":"def dataStructured(ds):\n    ds.columns = ['review', 'category']\n    ds['category'] = ds['category'].astype(str)\n    return ds","metadata":{"trusted":true,"execution":{"iopub.status.busy":"2025-06-08T09:53:25.968258Z","iopub.execute_input":"2025-06-08T09:53:25.968568Z","iopub.status.idle":"2025-06-08T09:53:25.973195Z","shell.execute_reply.started":"2025-06-08T09:53:25.968546Z","shell.execute_reply":"2025-06-08T09:53:25.972025Z"}},"outputs":[],"execution_count":16},{"cell_type":"code","source":"original_ds  = dataStructured(pd.read_csv('/kaggle/input/original-sentipers/original.csv'))\ntest_ds      = dataStructured(pd.read_csv('/kaggle/input/test-sentipers/test.csv'))\nbalanced_ds  = dataStructured(pd.read_csv('/kaggle/input/balanced-sentipers/balanced.csv'))\ntranslated_ds= dataStructured(pd.read_csv('/kaggle/input/translation-sentipers/translation.csv'))","metadata":{"trusted":true,"execution":{"iopub.status.busy":"2025-06-08T09:53:26.388254Z","iopub.execute_input":"2025-06-08T09:53:26.388571Z","iopub.status.idle":"2025-06-08T09:53:26.516527Z","shell.execute_reply.started":"2025-06-08T09:53:26.388541Z","shell.execute_reply":"2025-06-08T09:53:26.515641Z"}},"outputs":[],"execution_count":17},{"cell_type":"markdown","source":"#### Fine-Tuning requirements for the specified model","metadata":{}},{"cell_type":"code","source":"class CustomDataset(Dataset):\n    def __init__(self, dataframe, tokenizer, max_length4text, max_length4label):\n        self.data = dataframe\n        self.tokenizer = tokenizer\n        self.max_length4text = max_length4text\n        self.max_length4label = max_length4label\n\n    def __len__(self):\n        return len(self.data)\n\n    def __getitem__(self, idx):\n        review = self.data['review'][idx]\n        category = self.data['category'][idx]\n        \n        # tokenizing input review\n        review_encoding = self.tokenizer(review, truncation=True, padding='max_length', max_length=self.max_length4text, return_tensors='pt').to(\"cuda\")\n        \n        # tokenizing category\n        category_encoding = self.tokenizer(category, truncation=True, padding='max_length', max_length=self.max_length4label, return_tensors='pt').to(\"cuda\")\n        return {\n            # agent review\n            'review_input_id': review_encoding['input_ids'].squeeze(),\n            'review_attention_mask': review_encoding['attention_mask'].squeeze(),\n            # category\n            'category_id': category_encoding['input_ids'].squeeze(),\n            'category_mask': category_encoding['attention_mask'].squeeze()\n        }","metadata":{"trusted":true,"execution":{"iopub.status.busy":"2025-06-08T09:53:27.712880Z","iopub.execute_input":"2025-06-08T09:53:27.713206Z","iopub.status.idle":"2025-06-08T09:53:27.719279Z","shell.execute_reply.started":"2025-06-08T09:53:27.713176Z","shell.execute_reply":"2025-06-08T09:53:27.718242Z"}},"outputs":[],"execution_count":19},{"cell_type":"code","source":"# Defining the loss function and optimizer\nloss_fn = torch.nn.CrossEntropyLoss()\noptimizer = torch.optim.Adam(model.parameters(), lr=0.005)","metadata":{"trusted":true,"execution":{"iopub.status.busy":"2025-06-08T09:53:28.097304Z","iopub.execute_input":"2025-06-08T09:53:28.097600Z","iopub.status.idle":"2025-06-08T09:53:28.103527Z","shell.execute_reply.started":"2025-06-08T09:53:28.097577Z","shell.execute_reply":"2025-06-08T09:53:28.102355Z"}},"outputs":[],"execution_count":20},{"cell_type":"code","source":"def calculateF1(prediction_list, actual_list):\n    # Flatten lists if needed (if you've accidentally appended lists instead of values)\n    if isinstance(prediction_list[0], list):\n        prediction_list = [item for sublist in prediction_list for item in sublist]\n    if isinstance(actual_list[0], list):\n        actual_list = [item for sublist in actual_list for item in sublist]\n    \n    assert len(prediction_list) == len(actual_list), \"Length mismatch between predictions and actuals\"\n\n    try:\n        f1 = f1_score(actual_list, prediction_list, average='macro')  # or 'weighted' depending on class balance\n    except Exception as e:\n        print(f\"Error calculating F1: {e}\")\n        f1 = 0.0\n    \n    return f1\n\ndef evaluateModel(model, dataLoader, tokenizer):\n    model.eval()\n    actual_list, prediction_list = [], []\n\n    with torch.no_grad():\n        for batch in dataLoader:\n            ids = batch['review_input_id']\n            mask = batch['review_attention_mask']\n            output_id = batch['category_id']\n\n            actuals = tokenizer.batch_decode(output_id, skip_special_tokens=True, clean_up_tokenization_spaces=True)\n            generated_output = model.generate(input_ids=ids, attention_mask=mask, max_length=64)\n            preds = tokenizer.batch_decode(generated_output, skip_special_tokens=True, clean_up_tokenization_spaces=True)\n\n            actual_list.extend(actuals)  # Make sure clear_data returns a list of strings/labels\n            prediction_list.extend(preds)\n\n    return calculateF1(prediction_list, actual_list)\n\ndef trainModel(model, data_loader, vDataLoader, tokenizer, optimizer, EPOCH):\n    for epoch in range(EPOCH):\n        model.train()\n        losses = []\n\n        for batch in data_loader:\n            review_input = batch['review_input_id']\n            review_attention_mask = batch['review_attention_mask']\n            category_id = batch['category_id']\n\n            optimizer.zero_grad()\n\n            output = model(input_ids=review_input, attention_mask=review_attention_mask, labels=category_id)\n            loss = output.loss\n            losses.append(loss.item())\n\n            loss.backward()\n            optimizer.step()\n        \n        f1 = evaluateModel(model, vDataLoader, tokenizer)\n        print(f\"Epoch {epoch + 1} - F1 Score: {f1:.4f} - Avg Loss: {sum(losses)/len(losses):.4f}\")","metadata":{"trusted":true,"execution":{"iopub.status.busy":"2025-06-08T09:53:28.493597Z","iopub.execute_input":"2025-06-08T09:53:28.494112Z","iopub.status.idle":"2025-06-08T09:53:28.508192Z","shell.execute_reply.started":"2025-06-08T09:53:28.494061Z","shell.execute_reply":"2025-06-08T09:53:28.507013Z"}},"outputs":[],"execution_count":21},{"cell_type":"code","source":"# Shuffle and split\noriginal_ds = original_ds.sample(frac = 1, random_state = SEED).reset_index(drop=True)\n\nval_size = int(len(original_ds) * 0.15)\nvalidation_ds = original_ds.iloc[:val_size]\ntrain_ds = original_ds.iloc[val_size:]\n","metadata":{"trusted":true,"execution":{"iopub.status.busy":"2025-06-08T09:53:28.888854Z","iopub.execute_input":"2025-06-08T09:53:28.889167Z","iopub.status.idle":"2025-06-08T09:53:28.896492Z","shell.execute_reply.started":"2025-06-08T09:53:28.889141Z","shell.execute_reply":"2025-06-08T09:53:28.895541Z"}},"outputs":[],"execution_count":22},{"cell_type":"code","source":"# Create a data loader for TRAIN dataframe\ntrain_dataset = CustomDataset(train_ds, tokenizer, max_length4text= MAX_INPUT_LENGTH, max_length4label= MAX_LABEL_LENGTH)\ntrain_data_loader = DataLoader(train_dataset, batch_size= BATCH_SIZE, shuffle=True)\n\n# Create a data loader for EVALUATION dataframe\nval_dataset = CustomDataset(validation_ds, tokenizer, max_length4text= MAX_INPUT_LENGTH, max_length4label= MAX_LABEL_LENGTH)\nval_data_loader = DataLoader(val_dataset, batch_size= BATCH_SIZE, shuffle=False)\n\n# Create a data loader for TEST dataframe\ntest_dataset = CustomDataset(test_ds, tokenizer, max_length4text= MAX_INPUT_LENGTH, max_length4label= MAX_LABEL_LENGTH)\ntest_data_loader = DataLoader(test_dataset, batch_size= BATCH_SIZE, shuffle=False)","metadata":{"trusted":true,"execution":{"iopub.status.busy":"2025-06-08T09:53:29.409998Z","iopub.execute_input":"2025-06-08T09:53:29.410304Z","iopub.status.idle":"2025-06-08T09:53:29.415987Z","shell.execute_reply.started":"2025-06-08T09:53:29.410281Z","shell.execute_reply":"2025-06-08T09:53:29.414916Z"}},"outputs":[],"execution_count":23},{"cell_type":"code","source":"trainModel(model, train_data_loader, val_data_loader, tokenizer, optimizer, EPOCH)","metadata":{"trusted":true,"execution":{"iopub.status.busy":"2025-06-08T09:53:56.745324Z","iopub.execute_input":"2025-06-08T09:53:56.745625Z","iopub.status.idle":"2025-06-08T09:53:56.827366Z","shell.execute_reply.started":"2025-06-08T09:53:56.745603Z","shell.execute_reply":"2025-06-08T09:53:56.825996Z"}},"outputs":[{"traceback":["\u001b[0;31m---------------------------------------------------------------------------\u001b[0m","\u001b[0;31mValueError\u001b[0m                                Traceback (most recent call last)","\u001b[0;32m/usr/local/lib/python3.10/dist-packages/pandas/core/indexes/range.py\u001b[0m in \u001b[0;36mget_loc\u001b[0;34m(self, key)\u001b[0m\n\u001b[1;32m    412\u001b[0m             \u001b[0;32mtry\u001b[0m\u001b[0;34m:\u001b[0m\u001b[0;34m\u001b[0m\u001b[0;34m\u001b[0m\u001b[0m\n\u001b[0;32m--> 413\u001b[0;31m                 \u001b[0;32mreturn\u001b[0m \u001b[0mself\u001b[0m\u001b[0;34m.\u001b[0m\u001b[0m_range\u001b[0m\u001b[0;34m.\u001b[0m\u001b[0mindex\u001b[0m\u001b[0;34m(\u001b[0m\u001b[0mnew_key\u001b[0m\u001b[0;34m)\u001b[0m\u001b[0;34m\u001b[0m\u001b[0;34m\u001b[0m\u001b[0m\n\u001b[0m\u001b[1;32m    414\u001b[0m             \u001b[0;32mexcept\u001b[0m \u001b[0mValueError\u001b[0m \u001b[0;32mas\u001b[0m \u001b[0merr\u001b[0m\u001b[0;34m:\u001b[0m\u001b[0;34m\u001b[0m\u001b[0;34m\u001b[0m\u001b[0m\n","\u001b[0;31mValueError\u001b[0m: 607 is not in range","\nThe above exception was the direct cause of the following exception:\n","\u001b[0;31mKeyError\u001b[0m                                  Traceback (most recent call last)","\u001b[0;32m<ipython-input-26-977a828b064a>\u001b[0m in \u001b[0;36m<cell line: 1>\u001b[0;34m()\u001b[0m\n\u001b[0;32m----> 1\u001b[0;31m \u001b[0mtrainModel\u001b[0m\u001b[0;34m(\u001b[0m\u001b[0mmodel\u001b[0m\u001b[0;34m,\u001b[0m \u001b[0mtrain_data_loader\u001b[0m\u001b[0;34m,\u001b[0m \u001b[0mval_data_loader\u001b[0m\u001b[0;34m,\u001b[0m \u001b[0mtokenizer\u001b[0m\u001b[0;34m,\u001b[0m \u001b[0moptimizer\u001b[0m\u001b[0;34m,\u001b[0m \u001b[0mEPOCH\u001b[0m\u001b[0;34m)\u001b[0m\u001b[0;34m\u001b[0m\u001b[0;34m\u001b[0m\u001b[0m\n\u001b[0m","\u001b[0;32m<ipython-input-21-b594001e1c03>\u001b[0m in \u001b[0;36mtrainModel\u001b[0;34m(model, data_loader, vDataLoader, tokenizer, optimizer, EPOCH)\u001b[0m\n\u001b[1;32m     40\u001b[0m         \u001b[0mlosses\u001b[0m \u001b[0;34m=\u001b[0m \u001b[0;34m[\u001b[0m\u001b[0;34m]\u001b[0m\u001b[0;34m\u001b[0m\u001b[0;34m\u001b[0m\u001b[0m\n\u001b[1;32m     41\u001b[0m \u001b[0;34m\u001b[0m\u001b[0m\n\u001b[0;32m---> 42\u001b[0;31m         \u001b[0;32mfor\u001b[0m \u001b[0mbatch\u001b[0m \u001b[0;32min\u001b[0m \u001b[0mdata_loader\u001b[0m\u001b[0;34m:\u001b[0m\u001b[0;34m\u001b[0m\u001b[0;34m\u001b[0m\u001b[0m\n\u001b[0m\u001b[1;32m     43\u001b[0m             \u001b[0mreview_input\u001b[0m \u001b[0;34m=\u001b[0m \u001b[0mbatch\u001b[0m\u001b[0;34m[\u001b[0m\u001b[0;34m'review_input_id'\u001b[0m\u001b[0;34m]\u001b[0m\u001b[0;34m\u001b[0m\u001b[0;34m\u001b[0m\u001b[0m\n\u001b[1;32m     44\u001b[0m             \u001b[0mreview_attention_mask\u001b[0m \u001b[0;34m=\u001b[0m \u001b[0mbatch\u001b[0m\u001b[0;34m[\u001b[0m\u001b[0;34m'review_attention_mask'\u001b[0m\u001b[0;34m]\u001b[0m\u001b[0;34m\u001b[0m\u001b[0;34m\u001b[0m\u001b[0m\n","\u001b[0;32m/usr/local/lib/python3.10/dist-packages/torch/utils/data/dataloader.py\u001b[0m in \u001b[0;36m__next__\u001b[0;34m(self)\u001b[0m\n\u001b[1;32m    699\u001b[0m                 \u001b[0;31m# TODO(https://github.com/pytorch/pytorch/issues/76750)\u001b[0m\u001b[0;34m\u001b[0m\u001b[0;34m\u001b[0m\u001b[0m\n\u001b[1;32m    700\u001b[0m                 \u001b[0mself\u001b[0m\u001b[0;34m.\u001b[0m\u001b[0m_reset\u001b[0m\u001b[0;34m(\u001b[0m\u001b[0;34m)\u001b[0m  \u001b[0;31m# type: ignore[call-arg]\u001b[0m\u001b[0;34m\u001b[0m\u001b[0;34m\u001b[0m\u001b[0m\n\u001b[0;32m--> 701\u001b[0;31m             \u001b[0mdata\u001b[0m \u001b[0;34m=\u001b[0m \u001b[0mself\u001b[0m\u001b[0;34m.\u001b[0m\u001b[0m_next_data\u001b[0m\u001b[0;34m(\u001b[0m\u001b[0;34m)\u001b[0m\u001b[0;34m\u001b[0m\u001b[0;34m\u001b[0m\u001b[0m\n\u001b[0m\u001b[1;32m    702\u001b[0m             \u001b[0mself\u001b[0m\u001b[0;34m.\u001b[0m\u001b[0m_num_yielded\u001b[0m \u001b[0;34m+=\u001b[0m \u001b[0;36m1\u001b[0m\u001b[0;34m\u001b[0m\u001b[0;34m\u001b[0m\u001b[0m\n\u001b[1;32m    703\u001b[0m             if (\n","\u001b[0;32m/usr/local/lib/python3.10/dist-packages/torch/utils/data/dataloader.py\u001b[0m in \u001b[0;36m_next_data\u001b[0;34m(self)\u001b[0m\n\u001b[1;32m    755\u001b[0m     \u001b[0;32mdef\u001b[0m \u001b[0m_next_data\u001b[0m\u001b[0;34m(\u001b[0m\u001b[0mself\u001b[0m\u001b[0;34m)\u001b[0m\u001b[0;34m:\u001b[0m\u001b[0;34m\u001b[0m\u001b[0;34m\u001b[0m\u001b[0m\n\u001b[1;32m    756\u001b[0m         \u001b[0mindex\u001b[0m \u001b[0;34m=\u001b[0m \u001b[0mself\u001b[0m\u001b[0;34m.\u001b[0m\u001b[0m_next_index\u001b[0m\u001b[0;34m(\u001b[0m\u001b[0;34m)\u001b[0m  \u001b[0;31m# may raise StopIteration\u001b[0m\u001b[0;34m\u001b[0m\u001b[0;34m\u001b[0m\u001b[0m\n\u001b[0;32m--> 757\u001b[0;31m         \u001b[0mdata\u001b[0m \u001b[0;34m=\u001b[0m \u001b[0mself\u001b[0m\u001b[0;34m.\u001b[0m\u001b[0m_dataset_fetcher\u001b[0m\u001b[0;34m.\u001b[0m\u001b[0mfetch\u001b[0m\u001b[0;34m(\u001b[0m\u001b[0mindex\u001b[0m\u001b[0;34m)\u001b[0m  \u001b[0;31m# may raise StopIteration\u001b[0m\u001b[0;34m\u001b[0m\u001b[0;34m\u001b[0m\u001b[0m\n\u001b[0m\u001b[1;32m    758\u001b[0m         \u001b[0;32mif\u001b[0m \u001b[0mself\u001b[0m\u001b[0;34m.\u001b[0m\u001b[0m_pin_memory\u001b[0m\u001b[0;34m:\u001b[0m\u001b[0;34m\u001b[0m\u001b[0;34m\u001b[0m\u001b[0m\n\u001b[1;32m    759\u001b[0m             \u001b[0mdata\u001b[0m \u001b[0;34m=\u001b[0m \u001b[0m_utils\u001b[0m\u001b[0;34m.\u001b[0m\u001b[0mpin_memory\u001b[0m\u001b[0;34m.\u001b[0m\u001b[0mpin_memory\u001b[0m\u001b[0;34m(\u001b[0m\u001b[0mdata\u001b[0m\u001b[0;34m,\u001b[0m \u001b[0mself\u001b[0m\u001b[0;34m.\u001b[0m\u001b[0m_pin_memory_device\u001b[0m\u001b[0;34m)\u001b[0m\u001b[0;34m\u001b[0m\u001b[0;34m\u001b[0m\u001b[0m\n","\u001b[0;32m/usr/local/lib/python3.10/dist-packages/torch/utils/data/_utils/fetch.py\u001b[0m in \u001b[0;36mfetch\u001b[0;34m(self, possibly_batched_index)\u001b[0m\n\u001b[1;32m     50\u001b[0m                 \u001b[0mdata\u001b[0m \u001b[0;34m=\u001b[0m \u001b[0mself\u001b[0m\u001b[0;34m.\u001b[0m\u001b[0mdataset\u001b[0m\u001b[0;34m.\u001b[0m\u001b[0m__getitems__\u001b[0m\u001b[0;34m(\u001b[0m\u001b[0mpossibly_batched_index\u001b[0m\u001b[0;34m)\u001b[0m\u001b[0;34m\u001b[0m\u001b[0;34m\u001b[0m\u001b[0m\n\u001b[1;32m     51\u001b[0m             \u001b[0;32melse\u001b[0m\u001b[0;34m:\u001b[0m\u001b[0;34m\u001b[0m\u001b[0;34m\u001b[0m\u001b[0m\n\u001b[0;32m---> 52\u001b[0;31m                 \u001b[0mdata\u001b[0m \u001b[0;34m=\u001b[0m \u001b[0;34m[\u001b[0m\u001b[0mself\u001b[0m\u001b[0;34m.\u001b[0m\u001b[0mdataset\u001b[0m\u001b[0;34m[\u001b[0m\u001b[0midx\u001b[0m\u001b[0;34m]\u001b[0m \u001b[0;32mfor\u001b[0m \u001b[0midx\u001b[0m \u001b[0;32min\u001b[0m \u001b[0mpossibly_batched_index\u001b[0m\u001b[0;34m]\u001b[0m\u001b[0;34m\u001b[0m\u001b[0;34m\u001b[0m\u001b[0m\n\u001b[0m\u001b[1;32m     53\u001b[0m         \u001b[0;32melse\u001b[0m\u001b[0;34m:\u001b[0m\u001b[0;34m\u001b[0m\u001b[0;34m\u001b[0m\u001b[0m\n\u001b[1;32m     54\u001b[0m             \u001b[0mdata\u001b[0m \u001b[0;34m=\u001b[0m \u001b[0mself\u001b[0m\u001b[0;34m.\u001b[0m\u001b[0mdataset\u001b[0m\u001b[0;34m[\u001b[0m\u001b[0mpossibly_batched_index\u001b[0m\u001b[0;34m]\u001b[0m\u001b[0;34m\u001b[0m\u001b[0;34m\u001b[0m\u001b[0m\n","\u001b[0;32m/usr/local/lib/python3.10/dist-packages/torch/utils/data/_utils/fetch.py\u001b[0m in \u001b[0;36m<listcomp>\u001b[0;34m(.0)\u001b[0m\n\u001b[1;32m     50\u001b[0m                 \u001b[0mdata\u001b[0m \u001b[0;34m=\u001b[0m \u001b[0mself\u001b[0m\u001b[0;34m.\u001b[0m\u001b[0mdataset\u001b[0m\u001b[0;34m.\u001b[0m\u001b[0m__getitems__\u001b[0m\u001b[0;34m(\u001b[0m\u001b[0mpossibly_batched_index\u001b[0m\u001b[0;34m)\u001b[0m\u001b[0;34m\u001b[0m\u001b[0;34m\u001b[0m\u001b[0m\n\u001b[1;32m     51\u001b[0m             \u001b[0;32melse\u001b[0m\u001b[0;34m:\u001b[0m\u001b[0;34m\u001b[0m\u001b[0;34m\u001b[0m\u001b[0m\n\u001b[0;32m---> 52\u001b[0;31m                 \u001b[0mdata\u001b[0m \u001b[0;34m=\u001b[0m \u001b[0;34m[\u001b[0m\u001b[0mself\u001b[0m\u001b[0;34m.\u001b[0m\u001b[0mdataset\u001b[0m\u001b[0;34m[\u001b[0m\u001b[0midx\u001b[0m\u001b[0;34m]\u001b[0m \u001b[0;32mfor\u001b[0m \u001b[0midx\u001b[0m \u001b[0;32min\u001b[0m \u001b[0mpossibly_batched_index\u001b[0m\u001b[0;34m]\u001b[0m\u001b[0;34m\u001b[0m\u001b[0;34m\u001b[0m\u001b[0m\n\u001b[0m\u001b[1;32m     53\u001b[0m         \u001b[0;32melse\u001b[0m\u001b[0;34m:\u001b[0m\u001b[0;34m\u001b[0m\u001b[0;34m\u001b[0m\u001b[0m\n\u001b[1;32m     54\u001b[0m             \u001b[0mdata\u001b[0m \u001b[0;34m=\u001b[0m \u001b[0mself\u001b[0m\u001b[0;34m.\u001b[0m\u001b[0mdataset\u001b[0m\u001b[0;34m[\u001b[0m\u001b[0mpossibly_batched_index\u001b[0m\u001b[0;34m]\u001b[0m\u001b[0;34m\u001b[0m\u001b[0;34m\u001b[0m\u001b[0m\n","\u001b[0;32m<ipython-input-19-94fbf78c2f7b>\u001b[0m in \u001b[0;36m__getitem__\u001b[0;34m(self, idx)\u001b[0m\n\u001b[1;32m     10\u001b[0m \u001b[0;34m\u001b[0m\u001b[0m\n\u001b[1;32m     11\u001b[0m     \u001b[0;32mdef\u001b[0m \u001b[0m__getitem__\u001b[0m\u001b[0;34m(\u001b[0m\u001b[0mself\u001b[0m\u001b[0;34m,\u001b[0m \u001b[0midx\u001b[0m\u001b[0;34m)\u001b[0m\u001b[0;34m:\u001b[0m\u001b[0;34m\u001b[0m\u001b[0;34m\u001b[0m\u001b[0m\n\u001b[0;32m---> 12\u001b[0;31m         \u001b[0mreview\u001b[0m \u001b[0;34m=\u001b[0m \u001b[0mself\u001b[0m\u001b[0;34m.\u001b[0m\u001b[0mdata\u001b[0m\u001b[0;34m[\u001b[0m\u001b[0;34m'review'\u001b[0m\u001b[0;34m]\u001b[0m\u001b[0;34m[\u001b[0m\u001b[0midx\u001b[0m\u001b[0;34m]\u001b[0m\u001b[0;34m\u001b[0m\u001b[0;34m\u001b[0m\u001b[0m\n\u001b[0m\u001b[1;32m     13\u001b[0m         \u001b[0mcategory\u001b[0m \u001b[0;34m=\u001b[0m \u001b[0mself\u001b[0m\u001b[0;34m.\u001b[0m\u001b[0mdata\u001b[0m\u001b[0;34m[\u001b[0m\u001b[0;34m'category'\u001b[0m\u001b[0;34m]\u001b[0m\u001b[0;34m[\u001b[0m\u001b[0midx\u001b[0m\u001b[0;34m]\u001b[0m\u001b[0;34m\u001b[0m\u001b[0;34m\u001b[0m\u001b[0m\n\u001b[1;32m     14\u001b[0m \u001b[0;34m\u001b[0m\u001b[0m\n","\u001b[0;32m/usr/local/lib/python3.10/dist-packages/pandas/core/series.py\u001b[0m in \u001b[0;36m__getitem__\u001b[0;34m(self, key)\u001b[0m\n\u001b[1;32m   1119\u001b[0m \u001b[0;34m\u001b[0m\u001b[0m\n\u001b[1;32m   1120\u001b[0m         \u001b[0;32melif\u001b[0m \u001b[0mkey_is_scalar\u001b[0m\u001b[0;34m:\u001b[0m\u001b[0;34m\u001b[0m\u001b[0;34m\u001b[0m\u001b[0m\n\u001b[0;32m-> 1121\u001b[0;31m             \u001b[0;32mreturn\u001b[0m \u001b[0mself\u001b[0m\u001b[0;34m.\u001b[0m\u001b[0m_get_value\u001b[0m\u001b[0;34m(\u001b[0m\u001b[0mkey\u001b[0m\u001b[0;34m)\u001b[0m\u001b[0;34m\u001b[0m\u001b[0;34m\u001b[0m\u001b[0m\n\u001b[0m\u001b[1;32m   1122\u001b[0m \u001b[0;34m\u001b[0m\u001b[0m\n\u001b[1;32m   1123\u001b[0m         \u001b[0;31m# Convert generator to list before going through hashable part\u001b[0m\u001b[0;34m\u001b[0m\u001b[0;34m\u001b[0m\u001b[0m\n","\u001b[0;32m/usr/local/lib/python3.10/dist-packages/pandas/core/series.py\u001b[0m in \u001b[0;36m_get_value\u001b[0;34m(self, label, takeable)\u001b[0m\n\u001b[1;32m   1235\u001b[0m \u001b[0;34m\u001b[0m\u001b[0m\n\u001b[1;32m   1236\u001b[0m         \u001b[0;31m# Similar to Index.get_value, but we do not fall back to positional\u001b[0m\u001b[0;34m\u001b[0m\u001b[0;34m\u001b[0m\u001b[0m\n\u001b[0;32m-> 1237\u001b[0;31m         \u001b[0mloc\u001b[0m \u001b[0;34m=\u001b[0m \u001b[0mself\u001b[0m\u001b[0;34m.\u001b[0m\u001b[0mindex\u001b[0m\u001b[0;34m.\u001b[0m\u001b[0mget_loc\u001b[0m\u001b[0;34m(\u001b[0m\u001b[0mlabel\u001b[0m\u001b[0;34m)\u001b[0m\u001b[0;34m\u001b[0m\u001b[0;34m\u001b[0m\u001b[0m\n\u001b[0m\u001b[1;32m   1238\u001b[0m \u001b[0;34m\u001b[0m\u001b[0m\n\u001b[1;32m   1239\u001b[0m         \u001b[0;32mif\u001b[0m \u001b[0mis_integer\u001b[0m\u001b[0;34m(\u001b[0m\u001b[0mloc\u001b[0m\u001b[0;34m)\u001b[0m\u001b[0;34m:\u001b[0m\u001b[0;34m\u001b[0m\u001b[0;34m\u001b[0m\u001b[0m\n","\u001b[0;32m/usr/local/lib/python3.10/dist-packages/pandas/core/indexes/range.py\u001b[0m in \u001b[0;36mget_loc\u001b[0;34m(self, key)\u001b[0m\n\u001b[1;32m    413\u001b[0m                 \u001b[0;32mreturn\u001b[0m \u001b[0mself\u001b[0m\u001b[0;34m.\u001b[0m\u001b[0m_range\u001b[0m\u001b[0;34m.\u001b[0m\u001b[0mindex\u001b[0m\u001b[0;34m(\u001b[0m\u001b[0mnew_key\u001b[0m\u001b[0;34m)\u001b[0m\u001b[0;34m\u001b[0m\u001b[0;34m\u001b[0m\u001b[0m\n\u001b[1;32m    414\u001b[0m             \u001b[0;32mexcept\u001b[0m \u001b[0mValueError\u001b[0m \u001b[0;32mas\u001b[0m \u001b[0merr\u001b[0m\u001b[0;34m:\u001b[0m\u001b[0;34m\u001b[0m\u001b[0;34m\u001b[0m\u001b[0m\n\u001b[0;32m--> 415\u001b[0;31m                 \u001b[0;32mraise\u001b[0m \u001b[0mKeyError\u001b[0m\u001b[0;34m(\u001b[0m\u001b[0mkey\u001b[0m\u001b[0;34m)\u001b[0m \u001b[0;32mfrom\u001b[0m \u001b[0merr\u001b[0m\u001b[0;34m\u001b[0m\u001b[0;34m\u001b[0m\u001b[0m\n\u001b[0m\u001b[1;32m    416\u001b[0m         \u001b[0;32mif\u001b[0m \u001b[0misinstance\u001b[0m\u001b[0;34m(\u001b[0m\u001b[0mkey\u001b[0m\u001b[0;34m,\u001b[0m \u001b[0mHashable\u001b[0m\u001b[0;34m)\u001b[0m\u001b[0;34m:\u001b[0m\u001b[0;34m\u001b[0m\u001b[0;34m\u001b[0m\u001b[0m\n\u001b[1;32m    417\u001b[0m             \u001b[0;32mraise\u001b[0m \u001b[0mKeyError\u001b[0m\u001b[0;34m(\u001b[0m\u001b[0mkey\u001b[0m\u001b[0;34m)\u001b[0m\u001b[0;34m\u001b[0m\u001b[0;34m\u001b[0m\u001b[0m\n","\u001b[0;31mKeyError\u001b[0m: 607"],"ename":"KeyError","evalue":"607","output_type":"error"}],"execution_count":26}]}